[debug] [2021-05-02T17:52:45.596Z] ----------------------------------------------------------------------
[debug] [2021-05-02T17:52:45.598Z] Command:       C:\Program Files\nodejs\node.exe C:\Users\Rogerio\AppData\Roaming\npm\node_modules\firebase-tools\lib\bin\firebase.js deploy
[debug] [2021-05-02T17:52:45.598Z] CLI Version:   9.5.0
[debug] [2021-05-02T17:52:45.598Z] Platform:      win32
[debug] [2021-05-02T17:52:45.599Z] Node Version:  v14.15.1
[debug] [2021-05-02T17:52:45.599Z] Time:          Sun May 02 2021 18:52:45 GMT+0100 (British Summer Time)
[debug] [2021-05-02T17:52:45.599Z] ----------------------------------------------------------------------
[debug] [2021-05-02T17:52:45.600Z] 
[debug] [2021-05-02T17:52:45.605Z] > command requires scopes: ["email","openid","https://www.googleapis.com/auth/cloudplatformprojects.readonly","https://www.googleapis.com/auth/firebase","https://www.googleapis.com/auth/cloud-platform"]
[debug] [2021-05-02T17:52:45.605Z] > authorizing via signed-in user
[debug] [2021-05-02T17:52:45.606Z] [iam] checking project catlogbeta-2-4 for permissions ["cloudfunctions.functions.create","cloudfunctions.functions.delete","cloudfunctions.functions.get","cloudfunctions.functions.list","cloudfunctions.functions.update","cloudfunctions.operations.get","firebase.projects.get","firebasehosting.sites.update"]
[debug] [2021-05-02T17:52:45.607Z] > refreshing access token with scopes: ["email","https://www.googleapis.com/auth/cloud-platform","https://www.googleapis.com/auth/cloudplatformprojects.readonly","https://www.googleapis.com/auth/firebase","openid"]
[debug] [2021-05-02T17:52:45.607Z] >>> HTTP REQUEST POST https://www.googleapis.com/oauth2/v3/token  
 <request body omitted>
[debug] [2021-05-02T17:52:45.705Z] <<< HTTP RESPONSE 200 {"date":"Sun, 02 May 2021 17:52:45 GMT","pragma":"no-cache","expires":"Mon, 01 Jan 1990 00:00:00 GMT","cache-control":"no-cache, no-store, max-age=0, must-revalidate","content-type":"application/json; charset=utf-8","vary":"X-Origin, Referer, Origin,Accept-Encoding","server":"scaffolding on HTTPServer2","x-xss-protection":"0","x-frame-options":"SAMEORIGIN","x-content-type-options":"nosniff","alt-svc":"h3-29=\":443\"; ma=2592000,h3-T051=\":443\"; ma=2592000,h3-Q050=\":443\"; ma=2592000,h3-Q046=\":443\"; ma=2592000,h3-Q043=\":443\"; ma=2592000,quic=\":443\"; ma=2592000; v=\"46,43\"","accept-ranges":"none","transfer-encoding":"chunked"}
[debug] [2021-05-02T17:52:45.710Z] >>> HTTP REQUEST POST https://cloudresourcemanager.googleapis.com/v1/projects/catlogbeta-2-4:testIamPermissions  
 {"permissions":["cloudfunctions.functions.create","cloudfunctions.functions.delete","cloudfunctions.functions.get","cloudfunctions.functions.list","cloudfunctions.functions.update","cloudfunctions.operations.get","firebase.projects.get","firebasehosting.sites.update"]}
[debug] [2021-05-02T17:52:46.354Z] <<< HTTP RESPONSE 200 {"content-type":"application/json; charset=UTF-8","vary":"X-Origin, Referer, Origin,Accept-Encoding","date":"Sun, 02 May 2021 17:52:45 GMT","server":"ESF","cache-control":"private","x-xss-protection":"0","x-frame-options":"SAMEORIGIN","x-content-type-options":"nosniff","server-timing":"gfet4t7; dur=575","alt-svc":"h3-29=\":443\"; ma=2592000,h3-T051=\":443\"; ma=2592000,h3-Q050=\":443\"; ma=2592000,h3-Q046=\":443\"; ma=2592000,h3-Q043=\":443\"; ma=2592000,quic=\":443\"; ma=2592000; v=\"46,43\"","accept-ranges":"none","transfer-encoding":"chunked"}
[debug] [2021-05-02T17:52:46.355Z] >>> HTTP REQUEST POST https://iam.googleapis.com/v1/projects/catlogbeta-2-4/serviceAccounts/catlogbeta-2-4@appspot.gserviceaccount.com:testIamPermissions  
 {"permissions":["iam.serviceAccounts.actAs"]}
[debug] [2021-05-02T17:52:46.635Z] <<< HTTP RESPONSE 200 {"content-type":"application/json; charset=UTF-8","vary":"X-Origin, Referer, Origin,Accept-Encoding","date":"Sun, 02 May 2021 17:52:46 GMT","server":"ESF","cache-control":"private","x-xss-protection":"0","x-frame-options":"SAMEORIGIN","x-content-type-options":"nosniff","alt-svc":"h3-29=\":443\"; ma=2592000,h3-T051=\":443\"; ma=2592000,h3-Q050=\":443\"; ma=2592000,h3-Q046=\":443\"; ma=2592000,h3-Q043=\":443\"; ma=2592000,quic=\":443\"; ma=2592000; v=\"46,43\"","accept-ranges":"none","transfer-encoding":"chunked"}
[debug] [2021-05-02T17:52:46.636Z] > refreshing access token with scopes: []
[debug] [2021-05-02T17:52:46.636Z] >>> HTTP REQUEST POST https://www.googleapis.com/oauth2/v3/token  
 <request body omitted>
[debug] [2021-05-02T17:52:46.703Z] <<< HTTP RESPONSE 200 {"pragma":"no-cache","date":"Sun, 02 May 2021 17:52:46 GMT","expires":"Mon, 01 Jan 1990 00:00:00 GMT","cache-control":"no-cache, no-store, max-age=0, must-revalidate","content-type":"application/json; charset=utf-8","vary":"X-Origin, Referer, Origin,Accept-Encoding","server":"scaffolding on HTTPServer2","x-xss-protection":"0","x-frame-options":"SAMEORIGIN","x-content-type-options":"nosniff","alt-svc":"h3-29=\":443\"; ma=2592000,h3-T051=\":443\"; ma=2592000,h3-Q050=\":443\"; ma=2592000,h3-Q046=\":443\"; ma=2592000,h3-Q043=\":443\"; ma=2592000,quic=\":443\"; ma=2592000; v=\"46,43\"","accept-ranges":"none","transfer-encoding":"chunked"}
[debug] [2021-05-02T17:52:46.708Z] >>> [apiv2][query] GET https://firebase.googleapis.com/v1beta1/projects/catlogbeta-2-4 [none]
[debug] [2021-05-02T17:52:46.897Z] <<< [apiv2][status] GET https://firebase.googleapis.com/v1beta1/projects/catlogbeta-2-4 200
[debug] [2021-05-02T17:52:46.897Z] <<< [apiv2][body] GET https://firebase.googleapis.com/v1beta1/projects/catlogbeta-2-4 {"projectId":"catlogbeta-2-4","projectNumber":"40048073929","displayName":"catlogbeta-2-4","name":"projects/catlogbeta-2-4","resources":{"hostingSite":"catlogbeta-2-4","storageBucket":"catlogbeta-2-4.appspot.com","locationId":"europe-west"},"state":"ACTIVE"}
[info] 
[info] === Deploying to 'catlogbeta-2-4'...
[info] 
[info] i  deploying functions, hosting 
[info] i  functions: ensuring required API cloudfunctions.googleapis.com is enabled... 
[debug] [2021-05-02T17:52:51.041Z] > refreshing access token with scopes: ["email","https://www.googleapis.com/auth/cloud-platform","https://www.googleapis.com/auth/cloudplatformprojects.readonly","https://www.googleapis.com/auth/firebase","openid"]
[debug] [2021-05-02T17:52:51.041Z] >>> HTTP REQUEST POST https://www.googleapis.com/oauth2/v3/token  
 <request body omitted>
[debug] [2021-05-02T17:52:51.041Z] > refreshing access token with scopes: ["email","https://www.googleapis.com/auth/cloud-platform","https://www.googleapis.com/auth/cloudplatformprojects.readonly","https://www.googleapis.com/auth/firebase","openid"]
[debug] [2021-05-02T17:52:51.041Z] >>> HTTP REQUEST POST https://www.googleapis.com/oauth2/v3/token  
 <request body omitted>
[info] i  functions: ensuring required API cloudbuild.googleapis.com is enabled... 
[debug] [2021-05-02T17:52:51.042Z] > refreshing access token with scopes: ["email","https://www.googleapis.com/auth/cloud-platform","https://www.googleapis.com/auth/cloudplatformprojects.readonly","https://www.googleapis.com/auth/firebase","openid"]
[debug] [2021-05-02T17:52:51.042Z] >>> HTTP REQUEST POST https://www.googleapis.com/oauth2/v3/token  
 <request body omitted>
[debug] [2021-05-02T17:52:51.104Z] <<< HTTP RESPONSE 200 {"expires":"Mon, 01 Jan 1990 00:00:00 GMT","date":"Sun, 02 May 2021 17:52:50 GMT","cache-control":"no-cache, no-store, max-age=0, must-revalidate","pragma":"no-cache","content-type":"application/json; charset=utf-8","vary":"X-Origin, Referer, Origin,Accept-Encoding","server":"scaffolding on HTTPServer2","x-xss-protection":"0","x-frame-options":"SAMEORIGIN","x-content-type-options":"nosniff","alt-svc":"h3-29=\":443\"; ma=2592000,h3-T051=\":443\"; ma=2592000,h3-Q050=\":443\"; ma=2592000,h3-Q046=\":443\"; ma=2592000,h3-Q043=\":443\"; ma=2592000,quic=\":443\"; ma=2592000; v=\"46,43\"","accept-ranges":"none","transfer-encoding":"chunked"}
[debug] [2021-05-02T17:52:51.107Z] >>> HTTP REQUEST GET https://serviceusage.googleapis.com/v1/projects/catlogbeta-2-4/services/cloudfunctions.googleapis.com  
 
[debug] [2021-05-02T17:52:51.110Z] <<< HTTP RESPONSE 200 {"date":"Sun, 02 May 2021 17:52:50 GMT","cache-control":"no-cache, no-store, max-age=0, must-revalidate","pragma":"no-cache","expires":"Mon, 01 Jan 1990 00:00:00 GMT","content-type":"application/json; charset=utf-8","vary":"X-Origin, Referer, Origin,Accept-Encoding","server":"scaffolding on HTTPServer2","x-xss-protection":"0","x-frame-options":"SAMEORIGIN","x-content-type-options":"nosniff","alt-svc":"h3-29=\":443\"; ma=2592000,h3-T051=\":443\"; ma=2592000,h3-Q050=\":443\"; ma=2592000,h3-Q046=\":443\"; ma=2592000,h3-Q043=\":443\"; ma=2592000,quic=\":443\"; ma=2592000; v=\"46,43\"","accept-ranges":"none","transfer-encoding":"chunked"}
[debug] [2021-05-02T17:52:51.113Z] >>> HTTP REQUEST GET https://serviceusage.googleapis.com/v1/projects/catlogbeta-2-4/services/runtimeconfig.googleapis.com  
 
[debug] [2021-05-02T17:52:51.115Z] <<< HTTP RESPONSE 200 {"date":"Sun, 02 May 2021 17:52:50 GMT","cache-control":"no-cache, no-store, max-age=0, must-revalidate","expires":"Mon, 01 Jan 1990 00:00:00 GMT","pragma":"no-cache","content-type":"application/json; charset=utf-8","vary":"X-Origin, Referer, Origin,Accept-Encoding","server":"scaffolding on HTTPServer2","x-xss-protection":"0","x-frame-options":"SAMEORIGIN","x-content-type-options":"nosniff","alt-svc":"h3-29=\":443\"; ma=2592000,h3-T051=\":443\"; ma=2592000,h3-Q050=\":443\"; ma=2592000,h3-Q046=\":443\"; ma=2592000,h3-Q043=\":443\"; ma=2592000,quic=\":443\"; ma=2592000; v=\"46,43\"","accept-ranges":"none","transfer-encoding":"chunked"}
[debug] [2021-05-02T17:52:51.126Z] >>> HTTP REQUEST GET https://serviceusage.googleapis.com/v1/projects/catlogbeta-2-4/services/cloudbuild.googleapis.com  
 
[debug] [2021-05-02T17:52:51.930Z] <<< HTTP RESPONSE 200 {"content-type":"application/json; charset=UTF-8","vary":"X-Origin, Referer, Origin,Accept-Encoding","date":"Sun, 02 May 2021 17:52:51 GMT","server":"ESF","cache-control":"private","x-xss-protection":"0","x-frame-options":"SAMEORIGIN","x-content-type-options":"nosniff","alt-svc":"h3-29=\":443\"; ma=2592000,h3-T051=\":443\"; ma=2592000,h3-Q050=\":443\"; ma=2592000,h3-Q046=\":443\"; ma=2592000,h3-Q043=\":443\"; ma=2592000,quic=\":443\"; ma=2592000; v=\"46,43\"","accept-ranges":"none","transfer-encoding":"chunked"}
[info] +  functions: required API cloudbuild.googleapis.com is enabled 
[debug] [2021-05-02T17:52:51.951Z] <<< HTTP RESPONSE 200 {"content-type":"application/json; charset=UTF-8","vary":"X-Origin, Referer, Origin,Accept-Encoding","date":"Sun, 02 May 2021 17:52:51 GMT","server":"ESF","cache-control":"private","x-xss-protection":"0","x-frame-options":"SAMEORIGIN","x-content-type-options":"nosniff","alt-svc":"h3-29=\":443\"; ma=2592000,h3-T051=\":443\"; ma=2592000,h3-Q050=\":443\"; ma=2592000,h3-Q046=\":443\"; ma=2592000,h3-Q043=\":443\"; ma=2592000,quic=\":443\"; ma=2592000; v=\"46,43\"","accept-ranges":"none","transfer-encoding":"chunked"}
[info] +  functions: required API cloudfunctions.googleapis.com is enabled 
[debug] [2021-05-02T17:52:51.958Z] <<< HTTP RESPONSE 200 {"content-type":"application/json; charset=UTF-8","vary":"X-Origin, Referer, Origin,Accept-Encoding","date":"Sun, 02 May 2021 17:52:51 GMT","server":"ESF","cache-control":"private","x-xss-protection":"0","x-frame-options":"SAMEORIGIN","x-content-type-options":"nosniff","alt-svc":"h3-29=\":443\"; ma=2592000,h3-T051=\":443\"; ma=2592000,h3-Q050=\":443\"; ma=2592000,h3-Q046=\":443\"; ma=2592000,h3-Q043=\":443\"; ma=2592000,quic=\":443\"; ma=2592000; v=\"46,43\"","accept-ranges":"none","transfer-encoding":"chunked"}
[debug] [2021-05-02T17:52:51.958Z] >>> HTTP REQUEST GET https://firebase.googleapis.com/v1beta1/projects/catlogbeta-2-4/adminSdkConfig  
 
[debug] [2021-05-02T17:52:52.256Z] <<< HTTP RESPONSE 200 {"content-type":"application/json; charset=UTF-8","vary":"X-Origin, Referer, Origin,Accept-Encoding","date":"Sun, 02 May 2021 17:52:51 GMT","server":"ESF","cache-control":"private","x-xss-protection":"0","x-frame-options":"SAMEORIGIN","x-content-type-options":"nosniff","alt-svc":"h3-29=\":443\"; ma=2592000,h3-T051=\":443\"; ma=2592000,h3-Q050=\":443\"; ma=2592000,h3-Q046=\":443\"; ma=2592000,h3-Q043=\":443\"; ma=2592000,quic=\":443\"; ma=2592000; v=\"46,43\"","accept-ranges":"none","transfer-encoding":"chunked"}
[info] i  functions: preparing functions directory for uploading... 
[debug] [2021-05-02T17:52:52.257Z] >>> HTTP REQUEST GET https://runtimeconfig.googleapis.com/v1beta1/projects/catlogbeta-2-4/configs  
 
[debug] [2021-05-02T17:52:52.510Z] <<< HTTP RESPONSE 200 {"content-type":"application/json; charset=UTF-8","vary":"X-Origin, Referer, Origin,Accept-Encoding","date":"Sun, 02 May 2021 17:52:52 GMT","server":"ESF","cache-control":"private","x-xss-protection":"0","x-frame-options":"SAMEORIGIN","x-content-type-options":"nosniff","alt-svc":"h3-29=\":443\"; ma=2592000,h3-T051=\":443\"; ma=2592000,h3-Q050=\":443\"; ma=2592000,h3-Q046=\":443\"; ma=2592000,h3-Q043=\":443\"; ma=2592000,quic=\":443\"; ma=2592000; v=\"46,43\"","accept-ranges":"none","transfer-encoding":"chunked"}
[info] i  functions: packaged functions (32.91 KB) for uploading 
[info] i  scheduler: ensuring required API cloudscheduler.googleapis.com is enabled... 
[info] i  pubsub: ensuring required API pubsub.googleapis.com is enabled... 
[debug] [2021-05-02T17:52:52.865Z] >>> HTTP REQUEST GET https://serviceusage.googleapis.com/v1/projects/catlogbeta-2-4/services/cloudscheduler.googleapis.com  
 
[debug] [2021-05-02T17:52:52.866Z] >>> HTTP REQUEST GET https://serviceusage.googleapis.com/v1/projects/catlogbeta-2-4/services/pubsub.googleapis.com  
 
[debug] [2021-05-02T17:52:53.677Z] <<< HTTP RESPONSE 200 {"content-type":"application/json; charset=UTF-8","vary":"X-Origin, Referer, Origin,Accept-Encoding","date":"Sun, 02 May 2021 17:52:53 GMT","server":"ESF","cache-control":"private","x-xss-protection":"0","x-frame-options":"SAMEORIGIN","x-content-type-options":"nosniff","alt-svc":"h3-29=\":443\"; ma=2592000,h3-T051=\":443\"; ma=2592000,h3-Q050=\":443\"; ma=2592000,h3-Q046=\":443\"; ma=2592000,h3-Q043=\":443\"; ma=2592000,quic=\":443\"; ma=2592000; v=\"46,43\"","accept-ranges":"none","transfer-encoding":"chunked"}
[info] +  scheduler: required API cloudscheduler.googleapis.com is enabled 
[debug] [2021-05-02T17:52:53.696Z] <<< HTTP RESPONSE 200 {"content-type":"application/json; charset=UTF-8","vary":"X-Origin, Referer, Origin,Accept-Encoding","date":"Sun, 02 May 2021 17:52:53 GMT","server":"ESF","cache-control":"private","x-xss-protection":"0","x-frame-options":"SAMEORIGIN","x-content-type-options":"nosniff","alt-svc":"h3-29=\":443\"; ma=2592000,h3-T051=\":443\"; ma=2592000,h3-Q050=\":443\"; ma=2592000,h3-Q046=\":443\"; ma=2592000,h3-Q043=\":443\"; ma=2592000,quic=\":443\"; ma=2592000; v=\"46,43\"","accept-ranges":"none","transfer-encoding":"chunked"}
[info] +  pubsub: required API pubsub.googleapis.com is enabled 
[debug] [2021-05-02T17:52:53.698Z] > [functions] package.json contents: {
  "name": "functions",
  "description": "Cloud Functions for Firebase",
  "scripts": {
    "serve": "firebase emulators:start --only functions",
    "shell": "firebase functions:shell",
    "start": "npm run shell",
    "deploy": "firebase deploy --only functions",
    "logs": "firebase functions:log"
  },
  "engines": {
    "node": "12"
  },
  "main": "index.js",
  "dependencies": {
    "firebase-admin": "^9.2.0",
    "firebase-functions": "^3.11.0",
    "word-pictionary-list": "^1.0.4"
  },
  "devDependencies": {
    "firebase-functions-test": "^0.2.0"
  },
  "private": true
}
[debug] [2021-05-02T17:52:53.699Z] >>> HTTP REQUEST POST https://firebasehosting.googleapis.com/v1beta1/sites/catlogbeta-2-4/versions  
 {"config":{"rewrites":[{"glob":"**","path":"/index.html"}]},"labels":{"deployment-tool":"cli-firebase"}}
[debug] [2021-05-02T17:52:54.896Z] <<< HTTP RESPONSE 200 {"content-type":"application/json; charset=UTF-8","vary":"X-Origin, Referer, Origin,Accept-Encoding","date":"Sun, 02 May 2021 17:52:54 GMT","server":"ESF","cache-control":"private","x-xss-protection":"0","x-frame-options":"SAMEORIGIN","x-content-type-options":"nosniff","alt-svc":"h3-29=\":443\"; ma=2592000,h3-T051=\":443\"; ma=2592000,h3-Q050=\":443\"; ma=2592000,h3-Q046=\":443\"; ma=2592000,h3-Q043=\":443\"; ma=2592000,quic=\":443\"; ma=2592000; v=\"46,43\"","accept-ranges":"none","transfer-encoding":"chunked"}
[debug] [2021-05-02T17:52:54.897Z] >>> HTTP REQUEST GET https://cloudfunctions.googleapis.com/v1/projects/catlogbeta-2-4/locations/-/functions  
 
[debug] [2021-05-02T17:52:55.412Z] <<< HTTP RESPONSE 200 {"content-type":"application/json; charset=UTF-8","vary":"X-Origin, Referer, Origin,Accept-Encoding","date":"Sun, 02 May 2021 17:52:55 GMT","server":"ESF","cache-control":"private","x-xss-protection":"0","x-frame-options":"SAMEORIGIN","x-content-type-options":"nosniff","alt-svc":"h3-29=\":443\"; ma=2592000,h3-T051=\":443\"; ma=2592000,h3-Q050=\":443\"; ma=2592000,h3-Q046=\":443\"; ma=2592000,h3-Q043=\":443\"; ma=2592000,quic=\":443\"; ma=2592000; v=\"46,43\"","accept-ranges":"none","transfer-encoding":"chunked"}
[debug] [2021-05-02T17:52:55.413Z] >>> HTTP REQUEST POST https://cloudfunctions.googleapis.com/v1/projects/catlogbeta-2-4/locations/us-central1/functions:generateUploadUrl  
 
[debug] [2021-05-02T17:52:56.035Z] <<< HTTP RESPONSE 200 {"content-type":"application/json; charset=UTF-8","vary":"X-Origin, Referer, Origin,Accept-Encoding","date":"Sun, 02 May 2021 17:52:55 GMT","server":"ESF","cache-control":"private","x-xss-protection":"0","x-frame-options":"SAMEORIGIN","x-content-type-options":"nosniff","alt-svc":"h3-29=\":443\"; ma=2592000,h3-T051=\":443\"; ma=2592000,h3-Q050=\":443\"; ma=2592000,h3-Q046=\":443\"; ma=2592000,h3-Q043=\":443\"; ma=2592000,quic=\":443\"; ma=2592000; v=\"46,43\"","accept-ranges":"none","transfer-encoding":"chunked"}
[debug] [2021-05-02T17:52:56.036Z] >>> HTTP REQUEST PUT https://storage.googleapis.com/gcf-upload-us-central1-4f9252fc-e9a8-45ad-8f95-01fc0a331ce9/b1fa167e-8b9f-456c-b334-53194b68a6cd.zip?GoogleAccessId=service-40048073929@gcf-admin-robot.iam.gserviceaccount.com&Expires=1619979775&Signature=K5mgYPw6KwTdbwn%2F3OGizj2XeXA8lvxjGZMeDurtQrXzpYA04Y0E2bKP9Zql1msDiAnE%2BCkubVwTjTsx%2FQVfs%2F2VSrHQ5Qqz2Junv9KjoZ%2FJ5fCxakJeDa2acrebkAownw5%2FcSaB%2F6v%2FyQ%2FLmm0i%2Bf1KO2rs7hz46YgcVGBmNjhF6zhNTj97tRpt1%2Faj%2FlBXXhNVNx0Ca8%2BoiCZtYgyM%2BGxgHEJKgklwe7OzdB6IBXUKv2V%2BkGPP5mehxKIaEnnOdXMaPgwETjcCJf7e3gwEuUCUpj%2FwrehvnsTWiFPFjEGxKMG02NjzgF5HuWfKqoWWdX84DFCS7ZkGpVSaeVu51Q%3D%3D  
 <request body omitted>
[debug] [2021-05-02T17:52:56.294Z] <<< HTTP RESPONSE 200 {"x-guploader-uploadid":"ABg5-UyYiSCH-7OLJ_jwVECbb9hy2gzTw6LdhzG9ZNXB_pLjBV1HkaCeN5PJnyW-2jFPQS1O5e2yJgU4NuveNPUi55QtRU-vbg","etag":"\"6320c435f8ab5350cbbffe6804626d36\"","x-goog-generation":"1619977975839089","x-goog-metageneration":"1","x-goog-hash":"crc32c=ZRPlaA==, md5=YyDENfirU1DLv/5oBGJtNg==","x-goog-stored-content-length":"33701","x-goog-stored-content-encoding":"identity","vary":"Origin","content-length":"0","date":"Sun, 02 May 2021 17:52:55 GMT","server":"UploadServer","content-type":"text/html; charset=UTF-8","alt-svc":"h3-29=\":443\"; ma=2592000,h3-T051=\":443\"; ma=2592000,h3-Q050=\":443\"; ma=2592000,h3-Q046=\":443\"; ma=2592000,h3-Q043=\":443\"; ma=2592000,quic=\":443\"; ma=2592000; v=\"46,43\""}
[info] +  functions: functions folder uploaded successfully 
[info] i  hosting[catlogbeta-2-4]: beginning deploy... 
[info] i  hosting[catlogbeta-2-4]: found 20 files in build 
[debug] [2021-05-02T17:52:56.831Z] > refreshing access token with scopes: []
[debug] [2021-05-02T17:52:56.832Z] >>> HTTP REQUEST POST https://www.googleapis.com/oauth2/v3/token  
 <request body omitted>
[debug] [2021-05-02T17:52:56.833Z] [hosting] hash cache [YnVpbGQ] stored for 20 files
[debug] [2021-05-02T17:52:56.834Z] [hosting][hash queue][FINAL] {"max":522,"min":2,"avg":35.45,"active":0,"complete":20,"success":20,"errored":0,"retried":0,"total":20,"elapsed":528}
[debug] [2021-05-02T17:52:56.891Z] <<< HTTP RESPONSE 200 {"cache-control":"no-cache, no-store, max-age=0, must-revalidate","expires":"Mon, 01 Jan 1990 00:00:00 GMT","date":"Sun, 02 May 2021 17:52:56 GMT","pragma":"no-cache","content-type":"application/json; charset=utf-8","vary":"X-Origin, Referer, Origin,Accept-Encoding","server":"scaffolding on HTTPServer2","x-xss-protection":"0","x-frame-options":"SAMEORIGIN","x-content-type-options":"nosniff","alt-svc":"h3-29=\":443\"; ma=2592000,h3-T051=\":443\"; ma=2592000,h3-Q050=\":443\"; ma=2592000,h3-Q046=\":443\"; ma=2592000,h3-Q043=\":443\"; ma=2592000,quic=\":443\"; ma=2592000; v=\"46,43\"","accept-ranges":"none","transfer-encoding":"chunked"}
[debug] [2021-05-02T17:52:56.895Z] >>> [apiv2][query] POST https://firebasehosting.googleapis.com/v1beta1/sites/catlogbeta-2-4/versions/76df435eecabb4ee:populateFiles [none]
[debug] [2021-05-02T17:52:56.895Z] >>> [apiv2][body] POST https://firebasehosting.googleapis.com/v1beta1/sites/catlogbeta-2-4/versions/76df435eecabb4ee:populateFiles {"files":{"/favicon.ico":"eae62e993eb980ec8a25058c39d5a51feab118bd2100c4deebb2a9c158ec11f9","/logo192.png":"3ee59515172ee198f3be375979df15ac5345183e656720a381b8872b2a39dc8b","/logo512.png":"ee7e2f3fdb8209c4b6fd7bef6ba50d1b9dba30a25bb5c3126df057e1cb6f5331","/manifest.json":"aff3449bdc238776f5d6d967f19ec491b36aed5fb7f23ccff6500736fd58494a","/robots.txt":"bfe106a3fb878dc83461c86818bf74fc1bdc7f28538ba613cd3e775516ce8b49","/asset-manifest.json":"00fc21fd37136aa6ecdb092760c0cfab126052d5998c3f4d1cea2fbdfcf61583","/static/css/2.6c0f60ba.chunk.css":"6eb8e31c1db86101fe28cf571d7b444105f1b47fe04b5ad7af0f5116834098ce","/index.html":"f1346db58f68e743691c8b096eab9324ddf1d484e6f263087a0619df4dd83673","/static/css/2.6c0f60ba.chunk.css.map":"5ec78619a77d7baeaab0013462c09482da527718b2c484962d18ff5c536fd31e","/static/css/main.dd035abd.chunk.css":"1011758ba80a7653469daf9146112dd3afcde18f38898a625bf01e2efe5d99e1","/static/css/main.dd035abd.chunk.css.map":"176e4f0183cfad107db99634edb977001a37e62b5d20d0a9ca69e997b92bf496","/static/js/2.757680e7.chunk.js.LICENSE.txt":"2480c6a445f9274fec3e6b510b95e23e6dd12eff014dff7fff29d672f10dab4e","/static/js/3.54760d47.chunk.js":"8f4a707672233eceabda577fcc62c77eb249b995295a45c0c63ca22135832f01","/static/js/3.54760d47.chunk.js.map":"0c444029a2d12312d7832afa26b2002aab397c8bffa1092c54ff417db447c396","/static/js/runtime-main.b84b5359.js":"806cc018677e82a50a6941a2d5d56203751fa146bc6c0c744d81023d6ae68b44","/static/js/runtime-main.b84b5359.js.map":"11fd87ce133ee7f48d8f5c049bcc661a8459c8fab4fcc70f39a34ec3c78c55d9","/static/js/main.ef0a6098.chunk.js":"141a71cc080a92c984dedaba0b2d37d36dfcdb48b92d275d97cd67c3fc71eb8c","/static/js/main.ef0a6098.chunk.js.map":"01207e2fc5f73062e81f8e843c7352bd52442c59faff4c810034b9f4ea72314e","/static/js/2.757680e7.chunk.js":"36a26989eed7e7bcda741d986c0f3403ea89f25b02f8aca85fae30269eeb00ec","/static/js/2.757680e7.chunk.js.map":"687e2fdc257815e4507bca631877cb0e93f2ddcffbc03c8a9f1bfdc8b1c7244c"}}
[debug] [2021-05-02T17:52:57.760Z] <<< [apiv2][status] POST https://firebasehosting.googleapis.com/v1beta1/sites/catlogbeta-2-4/versions/76df435eecabb4ee:populateFiles 200
[debug] [2021-05-02T17:52:57.760Z] <<< [apiv2][body] POST https://firebasehosting.googleapis.com/v1beta1/sites/catlogbeta-2-4/versions/76df435eecabb4ee:populateFiles {"uploadRequiredHashes":["01207e2fc5f73062e81f8e843c7352bd52442c59faff4c810034b9f4ea72314e","00fc21fd37136aa6ecdb092760c0cfab126052d5998c3f4d1cea2fbdfcf61583","141a71cc080a92c984dedaba0b2d37d36dfcdb48b92d275d97cd67c3fc71eb8c","f1346db58f68e743691c8b096eab9324ddf1d484e6f263087a0619df4dd83673"],"uploadUrl":"https://upload-firebasehosting.googleapis.com/upload/sites/catlogbeta-2-4/versions/76df435eecabb4ee/files"}
[debug] [2021-05-02T17:52:57.761Z] >>> [apiv2][query] POST https://upload-firebasehosting.googleapis.com/upload/sites/catlogbeta-2-4/versions/76df435eecabb4ee/files/01207e2fc5f73062e81f8e843c7352bd52442c59faff4c810034b9f4ea72314e [none]
[debug] [2021-05-02T17:52:57.761Z] >>> [apiv2][body] POST https://upload-firebasehosting.googleapis.com/upload/sites/catlogbeta-2-4/versions/76df435eecabb4ee/files/01207e2fc5f73062e81f8e843c7352bd52442c59faff4c810034b9f4ea72314e [stream]
[debug] [2021-05-02T17:52:57.762Z] >>> [apiv2][query] POST https://upload-firebasehosting.googleapis.com/upload/sites/catlogbeta-2-4/versions/76df435eecabb4ee/files/00fc21fd37136aa6ecdb092760c0cfab126052d5998c3f4d1cea2fbdfcf61583 [none]
[debug] [2021-05-02T17:52:57.762Z] >>> [apiv2][body] POST https://upload-firebasehosting.googleapis.com/upload/sites/catlogbeta-2-4/versions/76df435eecabb4ee/files/00fc21fd37136aa6ecdb092760c0cfab126052d5998c3f4d1cea2fbdfcf61583 [stream]
[debug] [2021-05-02T17:52:57.762Z] >>> [apiv2][query] POST https://upload-firebasehosting.googleapis.com/upload/sites/catlogbeta-2-4/versions/76df435eecabb4ee/files/141a71cc080a92c984dedaba0b2d37d36dfcdb48b92d275d97cd67c3fc71eb8c [none]
[debug] [2021-05-02T17:52:57.762Z] >>> [apiv2][body] POST https://upload-firebasehosting.googleapis.com/upload/sites/catlogbeta-2-4/versions/76df435eecabb4ee/files/141a71cc080a92c984dedaba0b2d37d36dfcdb48b92d275d97cd67c3fc71eb8c [stream]
[debug] [2021-05-02T17:52:57.763Z] >>> [apiv2][query] POST https://upload-firebasehosting.googleapis.com/upload/sites/catlogbeta-2-4/versions/76df435eecabb4ee/files/f1346db58f68e743691c8b096eab9324ddf1d484e6f263087a0619df4dd83673 [none]
[debug] [2021-05-02T17:52:57.763Z] >>> [apiv2][body] POST https://upload-firebasehosting.googleapis.com/upload/sites/catlogbeta-2-4/versions/76df435eecabb4ee/files/f1346db58f68e743691c8b096eab9324ddf1d484e6f263087a0619df4dd83673 [stream]
[debug] [2021-05-02T17:52:57.763Z] [hosting][populate queue][FINAL] {"max":930,"min":930,"avg":930,"active":0,"complete":1,"success":1,"errored":0,"retried":0,"total":1,"elapsed":932}
[debug] [2021-05-02T17:52:57.763Z] [hosting] uploads queued: 4
[debug] [2021-05-02T17:52:59.032Z] <<< [apiv2][status] POST https://upload-firebasehosting.googleapis.com/upload/sites/catlogbeta-2-4/versions/76df435eecabb4ee/files/00fc21fd37136aa6ecdb092760c0cfab126052d5998c3f4d1cea2fbdfcf61583 200
[debug] [2021-05-02T17:52:59.032Z] <<< [apiv2][body] POST https://upload-firebasehosting.googleapis.com/upload/sites/catlogbeta-2-4/versions/76df435eecabb4ee/files/00fc21fd37136aa6ecdb092760c0cfab126052d5998c3f4d1cea2fbdfcf61583 [stream]
[debug] [2021-05-02T17:52:59.060Z] <<< [apiv2][status] POST https://upload-firebasehosting.googleapis.com/upload/sites/catlogbeta-2-4/versions/76df435eecabb4ee/files/141a71cc080a92c984dedaba0b2d37d36dfcdb48b92d275d97cd67c3fc71eb8c 200
[debug] [2021-05-02T17:52:59.060Z] <<< [apiv2][body] POST https://upload-firebasehosting.googleapis.com/upload/sites/catlogbeta-2-4/versions/76df435eecabb4ee/files/141a71cc080a92c984dedaba0b2d37d36dfcdb48b92d275d97cd67c3fc71eb8c [stream]
[debug] [2021-05-02T17:52:59.213Z] <<< [apiv2][status] POST https://upload-firebasehosting.googleapis.com/upload/sites/catlogbeta-2-4/versions/76df435eecabb4ee/files/01207e2fc5f73062e81f8e843c7352bd52442c59faff4c810034b9f4ea72314e 200
[debug] [2021-05-02T17:52:59.213Z] <<< [apiv2][body] POST https://upload-firebasehosting.googleapis.com/upload/sites/catlogbeta-2-4/versions/76df435eecabb4ee/files/01207e2fc5f73062e81f8e843c7352bd52442c59faff4c810034b9f4ea72314e [stream]
[debug] [2021-05-02T17:53:01.397Z] <<< [apiv2][status] POST https://upload-firebasehosting.googleapis.com/upload/sites/catlogbeta-2-4/versions/76df435eecabb4ee/files/f1346db58f68e743691c8b096eab9324ddf1d484e6f263087a0619df4dd83673 200
[debug] [2021-05-02T17:53:01.397Z] <<< [apiv2][body] POST https://upload-firebasehosting.googleapis.com/upload/sites/catlogbeta-2-4/versions/76df435eecabb4ee/files/f1346db58f68e743691c8b096eab9324ddf1d484e6f263087a0619df4dd83673 [stream]
[debug] [2021-05-02T17:53:01.398Z] [hosting][upload queue][FINAL] {"max":3637,"min":1273,"avg":1915.5,"active":0,"complete":4,"success":4,"errored":0,"retried":0,"total":4,"elapsed":3638}
[info] +  hosting[catlogbeta-2-4]: file upload complete 
[debug] [2021-05-02T17:53:01.399Z] [hosting] deploy completed after 5103ms
[info] i  functions: updating Node.js 12 function setCurrent(us-central1)... 
[debug] [2021-05-02T17:53:01.467Z] > refreshing access token with scopes: ["email","https://www.googleapis.com/auth/cloud-platform","https://www.googleapis.com/auth/cloudplatformprojects.readonly","https://www.googleapis.com/auth/firebase","openid"]
[debug] [2021-05-02T17:53:01.467Z] >>> HTTP REQUEST POST https://www.googleapis.com/oauth2/v3/token  
 <request body omitted>
[debug] [2021-05-02T17:53:01.467Z] > refreshing access token with scopes: ["email","https://www.googleapis.com/auth/cloud-platform","https://www.googleapis.com/auth/cloudplatformprojects.readonly","https://www.googleapis.com/auth/firebase","openid"]
[debug] [2021-05-02T17:53:01.467Z] >>> HTTP REQUEST POST https://www.googleapis.com/oauth2/v3/token  
 <request body omitted>
[debug] [2021-05-02T17:53:01.559Z] <<< HTTP RESPONSE 200 {"expires":"Mon, 01 Jan 1990 00:00:00 GMT","pragma":"no-cache","date":"Sun, 02 May 2021 17:53:01 GMT","cache-control":"no-cache, no-store, max-age=0, must-revalidate","content-type":"application/json; charset=utf-8","vary":"X-Origin, Referer, Origin,Accept-Encoding","server":"scaffolding on HTTPServer2","x-xss-protection":"0","x-frame-options":"SAMEORIGIN","x-content-type-options":"nosniff","alt-svc":"h3-29=\":443\"; ma=2592000,h3-T051=\":443\"; ma=2592000,h3-Q050=\":443\"; ma=2592000,h3-Q046=\":443\"; ma=2592000,h3-Q043=\":443\"; ma=2592000,quic=\":443\"; ma=2592000; v=\"46,43\"","accept-ranges":"none","transfer-encoding":"chunked"}
[debug] [2021-05-02T17:53:01.562Z] >>> HTTP REQUEST GET https://cloudscheduler.googleapis.com/v1beta1/projects/catlogbeta-2-4/locations/europe-west1/jobs/firebase-schedule-setCurrent-us-central1  
 
[debug] [2021-05-02T17:53:01.564Z] <<< HTTP RESPONSE 200 {"pragma":"no-cache","date":"Sun, 02 May 2021 17:53:01 GMT","expires":"Mon, 01 Jan 1990 00:00:00 GMT","cache-control":"no-cache, no-store, max-age=0, must-revalidate","content-type":"application/json; charset=utf-8","vary":"X-Origin, Referer, Origin,Accept-Encoding","server":"scaffolding on HTTPServer2","x-xss-protection":"0","x-frame-options":"SAMEORIGIN","x-content-type-options":"nosniff","alt-svc":"h3-29=\":443\"; ma=2592000,h3-T051=\":443\"; ma=2592000,h3-Q050=\":443\"; ma=2592000,h3-Q046=\":443\"; ma=2592000,h3-Q043=\":443\"; ma=2592000,quic=\":443\"; ma=2592000; v=\"46,43\"","accept-ranges":"none","transfer-encoding":"chunked"}
[debug] [2021-05-02T17:53:01.567Z] >>> HTTP REQUEST PATCH https://cloudfunctions.googleapis.com/v1/projects/catlogbeta-2-4/locations/us-central1/functions/setCurrent {"updateMask":"sourceUploadUrl,name,labels,runtime,environmentVariables,eventTrigger.resource,eventTrigger.eventType,eventTrigger.service,eventTrigger.failurePolicy"} 
 {"sourceUploadUrl":"https://storage.googleapis.com/gcf-upload-us-central1-4f9252fc-e9a8-45ad-8f95-01fc0a331ce9/b1fa167e-8b9f-456c-b334-53194b68a6cd.zip?GoogleAccessId=service-40048073929@gcf-admin-robot.iam.gserviceaccount.com&Expires=1619979775&Signature=K5mgYPw6KwTdbwn%2F3OGizj2XeXA8lvxjGZMeDurtQrXzpYA04Y0E2bKP9Zql1msDiAnE%2BCkubVwTjTsx%2FQVfs%2F2VSrHQ5Qqz2Junv9KjoZ%2FJ5fCxakJeDa2acrebkAownw5%2FcSaB%2F6v%2FyQ%2FLmm0i%2Bf1KO2rs7hz46YgcVGBmNjhF6zhNTj97tRpt1%2Faj%2FlBXXhNVNx0Ca8%2BoiCZtYgyM%2BGxgHEJKgklwe7OzdB6IBXUKv2V%2BkGPP5mehxKIaEnnOdXMaPgwETjcCJf7e3gwEuUCUpj%2FwrehvnsTWiFPFjEGxKMG02NjzgF5HuWfKqoWWdX84DFCS7ZkGpVSaeVu51Q%3D%3D","name":"projects/catlogbeta-2-4/locations/us-central1/functions/setCurrent","labels":{"deployment-tool":"cli-firebase","deployment-scheduled":"true"},"eventTrigger":{"resource":"projects/catlogbeta-2-4/topics/firebase-schedule-setCurrent-us-central1","eventType":"google.pubsub.topic.publish","service":"pubsub.googleapis.com"},"runtime":"nodejs12","environmentVariables":{"FIREBASE_CONFIG":"{\"projectId\":\"catlogbeta-2-4\",\"storageBucket\":\"catlogbeta-2-4.appspot.com\",\"locationId\":\"europe-west\"}"}}
[debug] [2021-05-02T17:53:01.660Z] <<< HTTP RESPONSE 200 {"content-type":"application/json; charset=UTF-8","vary":"X-Origin, Referer, Origin,Accept-Encoding","date":"Sun, 02 May 2021 17:53:01 GMT","server":"ESF","cache-control":"private","x-xss-protection":"0","x-frame-options":"SAMEORIGIN","x-content-type-options":"nosniff","alt-svc":"h3-29=\":443\"; ma=2592000,h3-T051=\":443\"; ma=2592000,h3-Q050=\":443\"; ma=2592000,h3-Q046=\":443\"; ma=2592000,h3-Q043=\":443\"; ma=2592000,quic=\":443\"; ma=2592000; v=\"46,43\"","accept-ranges":"none","transfer-encoding":"chunked"}
[info] i  functions: scheduler job firebase-schedule-setCurrent-us-central1 is up to date, no changes required 
[info] +  functions[setCurrent(us-central1)]: Successful upsert schedule operation.  
[debug] [2021-05-02T17:53:02.181Z] <<< HTTP RESPONSE 200 {"content-type":"application/json; charset=UTF-8","vary":"X-Origin, Referer, Origin,Accept-Encoding","date":"Sun, 02 May 2021 17:53:01 GMT","server":"ESF","cache-control":"private","x-xss-protection":"0","x-frame-options":"SAMEORIGIN","x-content-type-options":"nosniff","alt-svc":"h3-29=\":443\"; ma=2592000,h3-T051=\":443\"; ma=2592000,h3-Q050=\":443\"; ma=2592000,h3-Q046=\":443\"; ma=2592000,h3-Q043=\":443\"; ma=2592000,quic=\":443\"; ma=2592000; v=\"46,43\"","accept-ranges":"none","transfer-encoding":"chunked"}
[debug] [2021-05-02T17:53:02.181Z] > refreshing access token with scopes: []
[debug] [2021-05-02T17:53:02.181Z] >>> HTTP REQUEST POST https://www.googleapis.com/oauth2/v3/token  
 <request body omitted>
[debug] [2021-05-02T17:53:02.254Z] <<< HTTP RESPONSE 200 {"cache-control":"no-cache, no-store, max-age=0, must-revalidate","expires":"Mon, 01 Jan 1990 00:00:00 GMT","date":"Sun, 02 May 2021 17:53:01 GMT","pragma":"no-cache","content-type":"application/json; charset=utf-8","vary":"X-Origin, Referer, Origin,Accept-Encoding","server":"scaffolding on HTTPServer2","x-xss-protection":"0","x-frame-options":"SAMEORIGIN","x-content-type-options":"nosniff","alt-svc":"h3-29=\":443\"; ma=2592000,h3-T051=\":443\"; ma=2592000,h3-Q050=\":443\"; ma=2592000,h3-Q046=\":443\"; ma=2592000,h3-Q043=\":443\"; ma=2592000,quic=\":443\"; ma=2592000; v=\"46,43\"","accept-ranges":"none","transfer-encoding":"chunked"}
[debug] [2021-05-02T17:53:02.259Z] >>> [apiv2][query] GET https://cloudfunctions.googleapis.com/v1/operations/Y2F0bG9nYmV0YS0yLTQvdXMtY2VudHJhbDEvc2V0Q3VycmVudC9KcV9IeE9ObU41NA [none]
[debug] [2021-05-02T17:53:02.460Z] <<< [apiv2][status] GET https://cloudfunctions.googleapis.com/v1/operations/Y2F0bG9nYmV0YS0yLTQvdXMtY2VudHJhbDEvc2V0Q3VycmVudC9KcV9IeE9ObU41NA 200
[debug] [2021-05-02T17:53:02.460Z] <<< [apiv2][body] GET https://cloudfunctions.googleapis.com/v1/operations/Y2F0bG9nYmV0YS0yLTQvdXMtY2VudHJhbDEvc2V0Q3VycmVudC9KcV9IeE9ObU41NA {"name":"operations/Y2F0bG9nYmV0YS0yLTQvdXMtY2VudHJhbDEvc2V0Q3VycmVudC9KcV9IeE9ObU41NA","metadata":{"@type":"type.googleapis.com/google.cloud.functions.v1.OperationMetadataV1","target":"projects/catlogbeta-2-4/locations/us-central1/functions/setCurrent","type":"UPDATE_FUNCTION","request":{"@type":"type.googleapis.com/google.cloud.functions.v1.CloudFunction","name":"projects/catlogbeta-2-4/locations/us-central1/functions/setCurrent","eventTrigger":{"eventType":"google.pubsub.topic.publish","resource":"projects/catlogbeta-2-4/topics/firebase-schedule-setCurrent-us-central1","service":"pubsub.googleapis.com"},"status":"ACTIVE","entryPoint":"setCurrent","timeout":"60s","availableMemoryMb":256,"serviceAccountEmail":"catlogbeta-2-4@appspot.gserviceaccount.com","updateTime":"2021-05-02T17:02:53.281Z","versionId":"68","labels":{"deployment-tool":"cli-firebase","deployment-scheduled":"true"},"sourceUploadUrl":"https://storage.googleapis.com/gcf-upload-us-central1-4f9252fc-e9a8-45ad-8f95-01fc0a331ce9/b1fa167e-8b9f-456c-b334-53194b68a6cd.zip?GoogleAccessId=service-40048073929@gcf-admin-robot.iam.gserviceaccount.com&Expires=1619979775&Signature=K5mgYPw6KwTdbwn%2F3OGizj2XeXA8lvxjGZMeDurtQrXzpYA04Y0E2bKP9Zql1msDiAnE%2BCkubVwTjTsx%2FQVfs%2F2VSrHQ5Qqz2Junv9KjoZ%2FJ5fCxakJeDa2acrebkAownw5%2FcSaB%2F6v%2FyQ%2FLmm0i%2Bf1KO2rs7hz46YgcVGBmNjhF6zhNTj97tRpt1%2Faj%2FlBXXhNVNx0Ca8%2BoiCZtYgyM%2BGxgHEJKgklwe7OzdB6IBXUKv2V%2BkGPP5mehxKIaEnnOdXMaPgwETjcCJf7e3gwEuUCUpj%2FwrehvnsTWiFPFjEGxKMG02NjzgF5HuWfKqoWWdX84DFCS7ZkGpVSaeVu51Q%3D%3D","environmentVariables":{"FIREBASE_CONFIG":"{\"projectId\":\"catlogbeta-2-4\",\"storageBucket\":\"catlogbeta-2-4.appspot.com\",\"locationId\":\"europe-west\"}"},"runtime":"nodejs12","ingressSettings":"ALLOW_ALL","buildId":"268c4667-9f3e-4051-8445-e4c0d59e91ec"},"versionId":"69","updateTime":"2021-05-02T17:53:01Z"}}
[debug] [2021-05-02T17:53:02.969Z] [update-projects/catlogbeta-2-4/locations/us-central1/functions/setCurrent] Retrying task index 0
[debug] [2021-05-02T17:53:02.969Z] >>> [apiv2][query] GET https://cloudfunctions.googleapis.com/v1/operations/Y2F0bG9nYmV0YS0yLTQvdXMtY2VudHJhbDEvc2V0Q3VycmVudC9KcV9IeE9ObU41NA [none]
[debug] [2021-05-02T17:53:03.162Z] <<< [apiv2][status] GET https://cloudfunctions.googleapis.com/v1/operations/Y2F0bG9nYmV0YS0yLTQvdXMtY2VudHJhbDEvc2V0Q3VycmVudC9KcV9IeE9ObU41NA 200
[debug] [2021-05-02T17:53:03.162Z] <<< [apiv2][body] GET https://cloudfunctions.googleapis.com/v1/operations/Y2F0bG9nYmV0YS0yLTQvdXMtY2VudHJhbDEvc2V0Q3VycmVudC9KcV9IeE9ObU41NA {"name":"operations/Y2F0bG9nYmV0YS0yLTQvdXMtY2VudHJhbDEvc2V0Q3VycmVudC9KcV9IeE9ObU41NA","metadata":{"@type":"type.googleapis.com/google.cloud.functions.v1.OperationMetadataV1","target":"projects/catlogbeta-2-4/locations/us-central1/functions/setCurrent","type":"UPDATE_FUNCTION","request":{"@type":"type.googleapis.com/google.cloud.functions.v1.CloudFunction","name":"projects/catlogbeta-2-4/locations/us-central1/functions/setCurrent","eventTrigger":{"eventType":"google.pubsub.topic.publish","resource":"projects/catlogbeta-2-4/topics/firebase-schedule-setCurrent-us-central1","service":"pubsub.googleapis.com"},"status":"ACTIVE","entryPoint":"setCurrent","timeout":"60s","availableMemoryMb":256,"serviceAccountEmail":"catlogbeta-2-4@appspot.gserviceaccount.com","updateTime":"2021-05-02T17:02:53.281Z","versionId":"68","labels":{"deployment-tool":"cli-firebase","deployment-scheduled":"true"},"sourceUploadUrl":"https://storage.googleapis.com/gcf-upload-us-central1-4f9252fc-e9a8-45ad-8f95-01fc0a331ce9/b1fa167e-8b9f-456c-b334-53194b68a6cd.zip?GoogleAccessId=service-40048073929@gcf-admin-robot.iam.gserviceaccount.com&Expires=1619979775&Signature=K5mgYPw6KwTdbwn%2F3OGizj2XeXA8lvxjGZMeDurtQrXzpYA04Y0E2bKP9Zql1msDiAnE%2BCkubVwTjTsx%2FQVfs%2F2VSrHQ5Qqz2Junv9KjoZ%2FJ5fCxakJeDa2acrebkAownw5%2FcSaB%2F6v%2FyQ%2FLmm0i%2Bf1KO2rs7hz46YgcVGBmNjhF6zhNTj97tRpt1%2Faj%2FlBXXhNVNx0Ca8%2BoiCZtYgyM%2BGxgHEJKgklwe7OzdB6IBXUKv2V%2BkGPP5mehxKIaEnnOdXMaPgwETjcCJf7e3gwEuUCUpj%2FwrehvnsTWiFPFjEGxKMG02NjzgF5HuWfKqoWWdX84DFCS7ZkGpVSaeVu51Q%3D%3D","environmentVariables":{"FIREBASE_CONFIG":"{\"projectId\":\"catlogbeta-2-4\",\"storageBucket\":\"catlogbeta-2-4.appspot.com\",\"locationId\":\"europe-west\"}"},"runtime":"nodejs12","ingressSettings":"ALLOW_ALL","buildId":"268c4667-9f3e-4051-8445-e4c0d59e91ec"},"versionId":"69","updateTime":"2021-05-02T17:53:01Z","buildId":"f25686cc-e58d-4c99-8b02-822494c2963b"}}
[debug] [2021-05-02T17:53:04.165Z] [update-projects/catlogbeta-2-4/locations/us-central1/functions/setCurrent] Retrying task index 0
[debug] [2021-05-02T17:53:04.165Z] >>> [apiv2][query] GET https://cloudfunctions.googleapis.com/v1/operations/Y2F0bG9nYmV0YS0yLTQvdXMtY2VudHJhbDEvc2V0Q3VycmVudC9KcV9IeE9ObU41NA [none]
[debug] [2021-05-02T17:53:04.356Z] <<< [apiv2][status] GET https://cloudfunctions.googleapis.com/v1/operations/Y2F0bG9nYmV0YS0yLTQvdXMtY2VudHJhbDEvc2V0Q3VycmVudC9KcV9IeE9ObU41NA 200
[debug] [2021-05-02T17:53:04.357Z] <<< [apiv2][body] GET https://cloudfunctions.googleapis.com/v1/operations/Y2F0bG9nYmV0YS0yLTQvdXMtY2VudHJhbDEvc2V0Q3VycmVudC9KcV9IeE9ObU41NA {"name":"operations/Y2F0bG9nYmV0YS0yLTQvdXMtY2VudHJhbDEvc2V0Q3VycmVudC9KcV9IeE9ObU41NA","metadata":{"@type":"type.googleapis.com/google.cloud.functions.v1.OperationMetadataV1","target":"projects/catlogbeta-2-4/locations/us-central1/functions/setCurrent","type":"UPDATE_FUNCTION","request":{"@type":"type.googleapis.com/google.cloud.functions.v1.CloudFunction","name":"projects/catlogbeta-2-4/locations/us-central1/functions/setCurrent","eventTrigger":{"eventType":"google.pubsub.topic.publish","resource":"projects/catlogbeta-2-4/topics/firebase-schedule-setCurrent-us-central1","service":"pubsub.googleapis.com"},"status":"ACTIVE","entryPoint":"setCurrent","timeout":"60s","availableMemoryMb":256,"serviceAccountEmail":"catlogbeta-2-4@appspot.gserviceaccount.com","updateTime":"2021-05-02T17:02:53.281Z","versionId":"68","labels":{"deployment-tool":"cli-firebase","deployment-scheduled":"true"},"sourceUploadUrl":"https://storage.googleapis.com/gcf-upload-us-central1-4f9252fc-e9a8-45ad-8f95-01fc0a331ce9/b1fa167e-8b9f-456c-b334-53194b68a6cd.zip?GoogleAccessId=service-40048073929@gcf-admin-robot.iam.gserviceaccount.com&Expires=1619979775&Signature=K5mgYPw6KwTdbwn%2F3OGizj2XeXA8lvxjGZMeDurtQrXzpYA04Y0E2bKP9Zql1msDiAnE%2BCkubVwTjTsx%2FQVfs%2F2VSrHQ5Qqz2Junv9KjoZ%2FJ5fCxakJeDa2acrebkAownw5%2FcSaB%2F6v%2FyQ%2FLmm0i%2Bf1KO2rs7hz46YgcVGBmNjhF6zhNTj97tRpt1%2Faj%2FlBXXhNVNx0Ca8%2BoiCZtYgyM%2BGxgHEJKgklwe7OzdB6IBXUKv2V%2BkGPP5mehxKIaEnnOdXMaPgwETjcCJf7e3gwEuUCUpj%2FwrehvnsTWiFPFjEGxKMG02NjzgF5HuWfKqoWWdX84DFCS7ZkGpVSaeVu51Q%3D%3D","environmentVariables":{"FIREBASE_CONFIG":"{\"projectId\":\"catlogbeta-2-4\",\"storageBucket\":\"catlogbeta-2-4.appspot.com\",\"locationId\":\"europe-west\"}"},"runtime":"nodejs12","ingressSettings":"ALLOW_ALL","buildId":"268c4667-9f3e-4051-8445-e4c0d59e91ec"},"versionId":"69","updateTime":"2021-05-02T17:53:01Z","buildId":"f25686cc-e58d-4c99-8b02-822494c2963b"}}
[debug] [2021-05-02T17:53:06.365Z] [update-projects/catlogbeta-2-4/locations/us-central1/functions/setCurrent] Retrying task index 0
[debug] [2021-05-02T17:53:06.365Z] >>> [apiv2][query] GET https://cloudfunctions.googleapis.com/v1/operations/Y2F0bG9nYmV0YS0yLTQvdXMtY2VudHJhbDEvc2V0Q3VycmVudC9KcV9IeE9ObU41NA [none]
[debug] [2021-05-02T17:53:06.556Z] <<< [apiv2][status] GET https://cloudfunctions.googleapis.com/v1/operations/Y2F0bG9nYmV0YS0yLTQvdXMtY2VudHJhbDEvc2V0Q3VycmVudC9KcV9IeE9ObU41NA 200
[debug] [2021-05-02T17:53:06.556Z] <<< [apiv2][body] GET https://cloudfunctions.googleapis.com/v1/operations/Y2F0bG9nYmV0YS0yLTQvdXMtY2VudHJhbDEvc2V0Q3VycmVudC9KcV9IeE9ObU41NA {"name":"operations/Y2F0bG9nYmV0YS0yLTQvdXMtY2VudHJhbDEvc2V0Q3VycmVudC9KcV9IeE9ObU41NA","metadata":{"@type":"type.googleapis.com/google.cloud.functions.v1.OperationMetadataV1","target":"projects/catlogbeta-2-4/locations/us-central1/functions/setCurrent","type":"UPDATE_FUNCTION","request":{"@type":"type.googleapis.com/google.cloud.functions.v1.CloudFunction","name":"projects/catlogbeta-2-4/locations/us-central1/functions/setCurrent","eventTrigger":{"eventType":"google.pubsub.topic.publish","resource":"projects/catlogbeta-2-4/topics/firebase-schedule-setCurrent-us-central1","service":"pubsub.googleapis.com"},"status":"ACTIVE","entryPoint":"setCurrent","timeout":"60s","availableMemoryMb":256,"serviceAccountEmail":"catlogbeta-2-4@appspot.gserviceaccount.com","updateTime":"2021-05-02T17:02:53.281Z","versionId":"68","labels":{"deployment-tool":"cli-firebase","deployment-scheduled":"true"},"sourceUploadUrl":"https://storage.googleapis.com/gcf-upload-us-central1-4f9252fc-e9a8-45ad-8f95-01fc0a331ce9/b1fa167e-8b9f-456c-b334-53194b68a6cd.zip?GoogleAccessId=service-40048073929@gcf-admin-robot.iam.gserviceaccount.com&Expires=1619979775&Signature=K5mgYPw6KwTdbwn%2F3OGizj2XeXA8lvxjGZMeDurtQrXzpYA04Y0E2bKP9Zql1msDiAnE%2BCkubVwTjTsx%2FQVfs%2F2VSrHQ5Qqz2Junv9KjoZ%2FJ5fCxakJeDa2acrebkAownw5%2FcSaB%2F6v%2FyQ%2FLmm0i%2Bf1KO2rs7hz46YgcVGBmNjhF6zhNTj97tRpt1%2Faj%2FlBXXhNVNx0Ca8%2BoiCZtYgyM%2BGxgHEJKgklwe7OzdB6IBXUKv2V%2BkGPP5mehxKIaEnnOdXMaPgwETjcCJf7e3gwEuUCUpj%2FwrehvnsTWiFPFjEGxKMG02NjzgF5HuWfKqoWWdX84DFCS7ZkGpVSaeVu51Q%3D%3D","environmentVariables":{"FIREBASE_CONFIG":"{\"projectId\":\"catlogbeta-2-4\",\"storageBucket\":\"catlogbeta-2-4.appspot.com\",\"locationId\":\"europe-west\"}"},"runtime":"nodejs12","ingressSettings":"ALLOW_ALL","buildId":"268c4667-9f3e-4051-8445-e4c0d59e91ec"},"versionId":"69","updateTime":"2021-05-02T17:53:01Z","buildId":"f25686cc-e58d-4c99-8b02-822494c2963b"}}
[debug] [2021-05-02T17:53:10.560Z] [update-projects/catlogbeta-2-4/locations/us-central1/functions/setCurrent] Retrying task index 0
[debug] [2021-05-02T17:53:10.560Z] >>> [apiv2][query] GET https://cloudfunctions.googleapis.com/v1/operations/Y2F0bG9nYmV0YS0yLTQvdXMtY2VudHJhbDEvc2V0Q3VycmVudC9KcV9IeE9ObU41NA [none]
[debug] [2021-05-02T17:53:10.749Z] <<< [apiv2][status] GET https://cloudfunctions.googleapis.com/v1/operations/Y2F0bG9nYmV0YS0yLTQvdXMtY2VudHJhbDEvc2V0Q3VycmVudC9KcV9IeE9ObU41NA 200
[debug] [2021-05-02T17:53:10.749Z] <<< [apiv2][body] GET https://cloudfunctions.googleapis.com/v1/operations/Y2F0bG9nYmV0YS0yLTQvdXMtY2VudHJhbDEvc2V0Q3VycmVudC9KcV9IeE9ObU41NA {"name":"operations/Y2F0bG9nYmV0YS0yLTQvdXMtY2VudHJhbDEvc2V0Q3VycmVudC9KcV9IeE9ObU41NA","metadata":{"@type":"type.googleapis.com/google.cloud.functions.v1.OperationMetadataV1","target":"projects/catlogbeta-2-4/locations/us-central1/functions/setCurrent","type":"UPDATE_FUNCTION","request":{"@type":"type.googleapis.com/google.cloud.functions.v1.CloudFunction","name":"projects/catlogbeta-2-4/locations/us-central1/functions/setCurrent","eventTrigger":{"eventType":"google.pubsub.topic.publish","resource":"projects/catlogbeta-2-4/topics/firebase-schedule-setCurrent-us-central1","service":"pubsub.googleapis.com"},"status":"ACTIVE","entryPoint":"setCurrent","timeout":"60s","availableMemoryMb":256,"serviceAccountEmail":"catlogbeta-2-4@appspot.gserviceaccount.com","updateTime":"2021-05-02T17:02:53.281Z","versionId":"68","labels":{"deployment-tool":"cli-firebase","deployment-scheduled":"true"},"sourceUploadUrl":"https://storage.googleapis.com/gcf-upload-us-central1-4f9252fc-e9a8-45ad-8f95-01fc0a331ce9/b1fa167e-8b9f-456c-b334-53194b68a6cd.zip?GoogleAccessId=service-40048073929@gcf-admin-robot.iam.gserviceaccount.com&Expires=1619979775&Signature=K5mgYPw6KwTdbwn%2F3OGizj2XeXA8lvxjGZMeDurtQrXzpYA04Y0E2bKP9Zql1msDiAnE%2BCkubVwTjTsx%2FQVfs%2F2VSrHQ5Qqz2Junv9KjoZ%2FJ5fCxakJeDa2acrebkAownw5%2FcSaB%2F6v%2FyQ%2FLmm0i%2Bf1KO2rs7hz46YgcVGBmNjhF6zhNTj97tRpt1%2Faj%2FlBXXhNVNx0Ca8%2BoiCZtYgyM%2BGxgHEJKgklwe7OzdB6IBXUKv2V%2BkGPP5mehxKIaEnnOdXMaPgwETjcCJf7e3gwEuUCUpj%2FwrehvnsTWiFPFjEGxKMG02NjzgF5HuWfKqoWWdX84DFCS7ZkGpVSaeVu51Q%3D%3D","environmentVariables":{"FIREBASE_CONFIG":"{\"projectId\":\"catlogbeta-2-4\",\"storageBucket\":\"catlogbeta-2-4.appspot.com\",\"locationId\":\"europe-west\"}"},"runtime":"nodejs12","ingressSettings":"ALLOW_ALL","buildId":"268c4667-9f3e-4051-8445-e4c0d59e91ec"},"versionId":"69","updateTime":"2021-05-02T17:53:01Z","buildId":"f25686cc-e58d-4c99-8b02-822494c2963b"}}
[debug] [2021-05-02T17:53:18.750Z] [update-projects/catlogbeta-2-4/locations/us-central1/functions/setCurrent] Retrying task index 0
[debug] [2021-05-02T17:53:18.750Z] >>> [apiv2][query] GET https://cloudfunctions.googleapis.com/v1/operations/Y2F0bG9nYmV0YS0yLTQvdXMtY2VudHJhbDEvc2V0Q3VycmVudC9KcV9IeE9ObU41NA [none]
[debug] [2021-05-02T17:53:18.935Z] <<< [apiv2][status] GET https://cloudfunctions.googleapis.com/v1/operations/Y2F0bG9nYmV0YS0yLTQvdXMtY2VudHJhbDEvc2V0Q3VycmVudC9KcV9IeE9ObU41NA 200
[debug] [2021-05-02T17:53:18.935Z] <<< [apiv2][body] GET https://cloudfunctions.googleapis.com/v1/operations/Y2F0bG9nYmV0YS0yLTQvdXMtY2VudHJhbDEvc2V0Q3VycmVudC9KcV9IeE9ObU41NA {"name":"operations/Y2F0bG9nYmV0YS0yLTQvdXMtY2VudHJhbDEvc2V0Q3VycmVudC9KcV9IeE9ObU41NA","metadata":{"@type":"type.googleapis.com/google.cloud.functions.v1.OperationMetadataV1","target":"projects/catlogbeta-2-4/locations/us-central1/functions/setCurrent","type":"UPDATE_FUNCTION","request":{"@type":"type.googleapis.com/google.cloud.functions.v1.CloudFunction","name":"projects/catlogbeta-2-4/locations/us-central1/functions/setCurrent","eventTrigger":{"eventType":"google.pubsub.topic.publish","resource":"projects/catlogbeta-2-4/topics/firebase-schedule-setCurrent-us-central1","service":"pubsub.googleapis.com"},"status":"ACTIVE","entryPoint":"setCurrent","timeout":"60s","availableMemoryMb":256,"serviceAccountEmail":"catlogbeta-2-4@appspot.gserviceaccount.com","updateTime":"2021-05-02T17:02:53.281Z","versionId":"68","labels":{"deployment-tool":"cli-firebase","deployment-scheduled":"true"},"sourceUploadUrl":"https://storage.googleapis.com/gcf-upload-us-central1-4f9252fc-e9a8-45ad-8f95-01fc0a331ce9/b1fa167e-8b9f-456c-b334-53194b68a6cd.zip?GoogleAccessId=service-40048073929@gcf-admin-robot.iam.gserviceaccount.com&Expires=1619979775&Signature=K5mgYPw6KwTdbwn%2F3OGizj2XeXA8lvxjGZMeDurtQrXzpYA04Y0E2bKP9Zql1msDiAnE%2BCkubVwTjTsx%2FQVfs%2F2VSrHQ5Qqz2Junv9KjoZ%2FJ5fCxakJeDa2acrebkAownw5%2FcSaB%2F6v%2FyQ%2FLmm0i%2Bf1KO2rs7hz46YgcVGBmNjhF6zhNTj97tRpt1%2Faj%2FlBXXhNVNx0Ca8%2BoiCZtYgyM%2BGxgHEJKgklwe7OzdB6IBXUKv2V%2BkGPP5mehxKIaEnnOdXMaPgwETjcCJf7e3gwEuUCUpj%2FwrehvnsTWiFPFjEGxKMG02NjzgF5HuWfKqoWWdX84DFCS7ZkGpVSaeVu51Q%3D%3D","environmentVariables":{"FIREBASE_CONFIG":"{\"projectId\":\"catlogbeta-2-4\",\"storageBucket\":\"catlogbeta-2-4.appspot.com\",\"locationId\":\"europe-west\"}"},"runtime":"nodejs12","ingressSettings":"ALLOW_ALL","buildId":"268c4667-9f3e-4051-8445-e4c0d59e91ec"},"versionId":"69","updateTime":"2021-05-02T17:53:01Z","buildId":"f25686cc-e58d-4c99-8b02-822494c2963b"}}
